<?xml version="1.0" encoding="UTF-8"?>
<!-- Generated by org.testng.reporters.JUnitReportReporter -->
<testsuite hostname="hieppt" name="buoi1.NewTest" tests="1" failures="0" timestamp="12 Nov 2019 09:53:18 GMT" time="0.007" errors="0">
  <testcase name="f" time="0.007" classname="buoi1.NewTest"/>
</testsuite> <!-- buoi1.NewTest -->
