<?xml version="1.0" encoding="UTF-8"?>
<!-- Generated by org.testng.reporters.JUnitReportReporter -->
<testsuite hostname="hieppt" name="buoi1.chrome" tests="3" failures="0" timestamp="14 Nov 2019 09:46:52 GMT" time="6.624" errors="0">
  <testcase name="TC_03_incorrectPass" time="0.414" classname="buoi1.chrome"/>
  <testcase name="TC_02_incorrectEmail" time="0.372" classname="buoi1.chrome"/>
  <testcase name="TC_01_empty" time="5.838" classname="buoi1.chrome"/>
</testsuite> <!-- buoi1.chrome -->
